<?xml version="1.0" encoding="UTF-8"?>
<!-- Generated by org.testng.reporters.JUnitReportReporter -->
<testsuite hostname="XIPL91452" failures="0" tests="2" name="com.autostore.testcases.RegisterNewUserPageTest" time="32.735" errors="0" timestamp="2022-08-23T01:08:36 IST" skipped="0">
  <testcase classname="com.autostore.testcases.RegisterNewUserPageTest" name="verifyRegisterNewUserPage" time="18.644"/>
  <system-out/>
  <testcase classname="com.autostore.testcases.RegisterNewUserPageTest" name="registerNewUserTest" time="14.091"/>
  <system-out/>
</testsuite> <!-- com.autostore.testcases.RegisterNewUserPageTest -->
